[2025-04-29 14:39:14] Index - Tidak dapat menjalankan query karena koneksi database gagal.
[2025-04-29 14:40:09] Index - Tidak dapat menjalankan query karena koneksi database gagal.
[2025-04-29 14:40:10] Index - Tidak dapat menjalankan query karena koneksi database gagal.
[2025-04-29 14:42:25] Index - Tidak dapat menjalankan query karena $con_page bukan objek mysqli yang valid.
[2025-04-29 15:01:14] Index - Tidak dapat menjalankan query karena $con_page bukan objek mysqli yang valid.
[2025-04-29 15:04:36] Index - Tidak dapat menjalankan query karena $con_page bukan objek mysqli yang valid.
[2025-04-29 15:10:35] Index - Tidak dapat menjalankan query karena $con_page bukan objek mysqli yang valid.
[2025-04-29 15:11:00] Index - Tidak dapat menjalankan query karena $con_page bukan objek mysqli yang valid.
[2025-04-29 15:16:29] Index - Tidak dapat menjalankan query karena $con_page bukan objek mysqli yang valid.
[2025-04-29 15:18:11] Index - Tidak dapat menjalankan query karena $con_page bukan objek mysqli yang valid.
[2025-04-29 15:18:49] Index - Tidak dapat menjalankan query karena $con_page bukan objek mysqli yang valid.
[2025-04-29 15:19:13] Index - Tidak dapat menjalankan query karena $con_page bukan objek mysqli yang valid.
[2025-04-29 15:20:49] Index - Tidak dapat menjalankan query karena $con_page bukan objek mysqli yang valid.
[2025-04-29 15:26:00] Index - Tidak dapat menjalankan query karena $con_page bukan objek mysqli yang valid.
[2025-04-29 15:26:13] Index - Tidak dapat menjalankan query karena $con_page bukan objek mysqli yang valid.
[2025-04-29 15:26:28] Index - Tidak dapat menjalankan query karena $con_page bukan objek mysqli yang valid.
[2025-04-29 15:31:07] Index - Tidak dapat menjalankan query karena $con_page bukan objek mysqli yang valid.
[2025-04-29 15:38:15] Index - Tidak dapat menjalankan query karena $con_page bukan objek mysqli yang valid.
[2025-04-29 15:38:48] Index - Tidak dapat menjalankan query karena $con_page bukan objek mysqli yang valid.
[2025-04-30 00:53:17] Index - Tidak dapat menjalankan query karena $con_page bukan objek mysqli yang valid.
[2025-04-30 00:58:18] Index - Tidak dapat menjalankan query karena $con_page bukan objek mysqli yang valid.
[2025-04-30 00:58:20] Index - Tidak dapat menjalankan query karena $con_page bukan objek mysqli yang valid.
[2025-04-30 00:58:20] Index - Tidak dapat menjalankan query karena $con_page bukan objek mysqli yang valid.
[2025-04-30 01:56:29] Index - Tidak dapat menjalankan query karena $con_page bukan objek mysqli yang valid.
[2025-04-30 01:58:47] Index - Tidak dapat menjalankan query karena $con_page bukan objek mysqli yang valid.
[2025-04-30 02:00:17] Index - Tidak dapat menjalankan query karena $con_page bukan objek mysqli yang valid.
[2025-04-30 03:12:09] Index - Tidak dapat menjalankan query karena $con_page bukan objek mysqli yang valid.
[2025-04-30 03:12:10] Index - Tidak dapat menjalankan query karena $con_page bukan objek mysqli yang valid.
[2025-04-30 03:12:11] Index - Tidak dapat menjalankan query karena $con_page bukan objek mysqli yang valid.
[2025-04-30 03:12:16] Index - Tidak dapat menjalankan query karena $con_page bukan objek mysqli yang valid.
[2025-04-30 03:12:33] Index - Tidak dapat menjalankan query karena $con_page bukan objek mysqli yang valid.
[2025-04-30 03:21:11] Index - Tidak dapat menjalankan query karena $con_page bukan objek mysqli yang valid.
[2025-04-30 03:21:12] Index - Tidak dapat menjalankan query karena $con_page bukan objek mysqli yang valid.
[2025-04-30 03:21:13] Index - Tidak dapat menjalankan query karena $con_page bukan objek mysqli yang valid.
[2025-04-30 03:22:13] Index - Tidak dapat menjalankan query karena $con_page bukan objek mysqli yang valid.
[2025-04-30 08:57:21] Index - File Produk Unggulan tidak ditemukan: /Applications/MAMP/htdocs/newsedaya24apr2025/images/produk/SF-BOICCR9V/utama_P2Aw0SC0Kyw9vmWqwjnv.png
[2025-04-30 08:57:21] Index - File Produk Unggulan tidak ditemukan: /Applications/MAMP/htdocs/newsedaya24apr2025/images/produk/SF-13CVGGPS/utama_CdGCScmFBqoxrJz8PXTA.png
[2025-04-30 08:57:21] Index - File Produk Unggulan tidak ditemukan: /Applications/MAMP/htdocs/newsedaya24apr2025/images/produk/SF-MVSI1LZ1/utama_CZUCWFsTZbwlz5Zr43V4.png
[2025-04-30 08:57:28] Index - File Produk Unggulan tidak ditemukan: /Applications/MAMP/htdocs/newsedaya24apr2025/images/produk/SF-MVSI1LZ1/utama_CZUCWFsTZbwlz5Zr43V4.png
[2025-04-30 08:57:28] Index - File Produk Unggulan tidak ditemukan: /Applications/MAMP/htdocs/newsedaya24apr2025/images/produk/SF-13CVGGPS/utama_CdGCScmFBqoxrJz8PXTA.png
[2025-04-30 08:57:28] Index - File Produk Unggulan tidak ditemukan: /Applications/MAMP/htdocs/newsedaya24apr2025/images/produk/SF-BOICCR9V/utama_P2Aw0SC0Kyw9vmWqwjnv.png
[2025-04-30 09:05:44] Index - File Produk Unggulan tidak ditemukan: /Applications/MAMP/htdocs/newsedaya24apr2025/images/produk/SF-MVSI1LZ1/utama_CZUCWFsTZbwlz5Zr43V4.png
[2025-04-30 09:05:44] Index - File Produk Unggulan tidak ditemukan: /Applications/MAMP/htdocs/newsedaya24apr2025/images/produk/SF-13CVGGPS/utama_CdGCScmFBqoxrJz8PXTA.png
[2025-04-30 09:05:44] Index - File Produk Unggulan tidak ditemukan: /Applications/MAMP/htdocs/newsedaya24apr2025/images/produk/SF-BOICCR9V/utama_P2Aw0SC0Kyw9vmWqwjnv.png
[2025-05-02 01:23:06] Index - File Produk Unggulan tidak ditemukan: /Applications/MAMP/htdocs/newsedaya24apr2025/images/produk/SF-BOICCR9V/utama_P2Aw0SC0Kyw9vmWqwjnv.png
[2025-05-02 01:23:06] Index - File Produk Unggulan tidak ditemukan: /Applications/MAMP/htdocs/newsedaya24apr2025/images/produk/SF-13CVGGPS/utama_CdGCScmFBqoxrJz8PXTA.png
[2025-05-02 01:23:06] Index - File Produk Unggulan tidak ditemukan: /Applications/MAMP/htdocs/newsedaya24apr2025/images/produk/SF-MVSI1LZ1/utama_CZUCWFsTZbwlz5Zr43V4.png
[2025-05-02 01:23:11] Produk - File gambar tidak ditemukan: /Applications/MAMP/htdocs/newsedaya24apr2025/images/produk/SF-MVSI1LZ1/utama_CZUCWFsTZbwlz5Zr43V4.png
[2025-05-02 01:23:11] Produk - File gambar tidak ditemukan: /Applications/MAMP/htdocs/newsedaya24apr2025/images/produk/SF-BOICCR9V/utama_P2Aw0SC0Kyw9vmWqwjnv.png
[2025-05-02 01:23:11] Produk - File gambar tidak ditemukan: /Applications/MAMP/htdocs/newsedaya24apr2025/images/produk/SF-13CVGGPS/utama_CdGCScmFBqoxrJz8PXTA.png
[2025-05-02 01:24:24] Index - File Produk Unggulan tidak ditemukan: /Applications/MAMP/htdocs/newsedaya24apr2025/images/produk/SF-MVSI1LZ1/utama_CZUCWFsTZbwlz5Zr43V4.png
[2025-05-02 01:24:24] Index - File Produk Unggulan tidak ditemukan: /Applications/MAMP/htdocs/newsedaya24apr2025/images/produk/SF-BOICCR9V/utama_P2Aw0SC0Kyw9vmWqwjnv.png
[2025-05-02 01:24:24] Index - File Produk Unggulan tidak ditemukan: /Applications/MAMP/htdocs/newsedaya24apr2025/images/produk/SF-13CVGGPS/utama_CdGCScmFBqoxrJz8PXTA.png
[2025-05-02 01:26:07] Produk - File gambar tidak ditemukan: /Applications/MAMP/htdocs/newsedaya24apr2025/images/produk/SF-MVSI1LZ1/utama_CZUCWFsTZbwlz5Zr43V4.png
[2025-05-02 01:26:07] Produk - File gambar tidak ditemukan: /Applications/MAMP/htdocs/newsedaya24apr2025/images/produk/SF-BOICCR9V/utama_P2Aw0SC0Kyw9vmWqwjnv.png
[2025-05-02 01:26:07] Produk - File gambar tidak ditemukan: /Applications/MAMP/htdocs/newsedaya24apr2025/images/produk/SF-13CVGGPS/utama_CdGCScmFBqoxrJz8PXTA.png
[2025-05-02 01:29:50] Produk - File gambar tidak ditemukan: /Applications/MAMP/htdocs/newsedaya24apr2025/images/produk/SF-MVSI1LZ1/utama_CZUCWFsTZbwlz5Zr43V4.png
[2025-05-02 01:29:50] Produk - File gambar tidak ditemukan: /Applications/MAMP/htdocs/newsedaya24apr2025/images/produk/SF-BOICCR9V/utama_P2Aw0SC0Kyw9vmWqwjnv.png
[2025-05-02 01:29:50] Produk - File gambar tidak ditemukan: /Applications/MAMP/htdocs/newsedaya24apr2025/images/produk/SF-13CVGGPS/utama_CdGCScmFBqoxrJz8PXTA.png
[2025-05-02 01:29:59] Index - File Produk Unggulan tidak ditemukan: /Applications/MAMP/htdocs/newsedaya24apr2025/images/produk/SF-BOICCR9V/utama_P2Aw0SC0Kyw9vmWqwjnv.png
[2025-05-02 01:29:59] Index - File Produk Unggulan tidak ditemukan: /Applications/MAMP/htdocs/newsedaya24apr2025/images/produk/SF-MVSI1LZ1/utama_CZUCWFsTZbwlz5Zr43V4.png
[2025-05-02 01:29:59] Index - File Produk Unggulan tidak ditemukan: /Applications/MAMP/htdocs/newsedaya24apr2025/images/produk/SF-13CVGGPS/utama_CdGCScmFBqoxrJz8PXTA.png
[2025-05-02 01:32:51] Index - File Produk Unggulan tidak ditemukan: /Applications/MAMP/htdocs/newsedaya24apr2025/images/produk/SF-BOICCR9V/utama_P2Aw0SC0Kyw9vmWqwjnv.png
[2025-05-02 01:32:51] Index - File Produk Unggulan tidak ditemukan: /Applications/MAMP/htdocs/newsedaya24apr2025/images/produk/SF-13CVGGPS/utama_CdGCScmFBqoxrJz8PXTA.png
[2025-05-02 01:32:51] Index - File Produk Unggulan tidak ditemukan: /Applications/MAMP/htdocs/newsedaya24apr2025/images/produk/SF-MVSI1LZ1/utama_CZUCWFsTZbwlz5Zr43V4.png
[2025-05-02 01:32:52] Index - File Produk Unggulan tidak ditemukan: /Applications/MAMP/htdocs/newsedaya24apr2025/images/produk/SF-BOICCR9V/utama_P2Aw0SC0Kyw9vmWqwjnv.png
[2025-05-02 01:32:52] Index - File Produk Unggulan tidak ditemukan: /Applications/MAMP/htdocs/newsedaya24apr2025/images/produk/SF-MVSI1LZ1/utama_CZUCWFsTZbwlz5Zr43V4.png
[2025-05-02 01:32:52] Index - File Produk Unggulan tidak ditemukan: /Applications/MAMP/htdocs/newsedaya24apr2025/images/produk/SF-13CVGGPS/utama_CdGCScmFBqoxrJz8PXTA.png
[2025-05-02 01:32:53] Index - File Produk Unggulan tidak ditemukan: /Applications/MAMP/htdocs/newsedaya24apr2025/images/produk/SF-13CVGGPS/utama_CdGCScmFBqoxrJz8PXTA.png
[2025-05-02 01:32:53] Index - File Produk Unggulan tidak ditemukan: /Applications/MAMP/htdocs/newsedaya24apr2025/images/produk/SF-MVSI1LZ1/utama_CZUCWFsTZbwlz5Zr43V4.png
[2025-05-02 01:32:53] Index - File Produk Unggulan tidak ditemukan: /Applications/MAMP/htdocs/newsedaya24apr2025/images/produk/SF-BOICCR9V/utama_P2Aw0SC0Kyw9vmWqwjnv.png
[2025-05-02 01:33:06] Index - File Produk Unggulan tidak ditemukan: /Applications/MAMP/htdocs/newsedaya24apr2025/images/produk/SF-BOICCR9V/utama_P2Aw0SC0Kyw9vmWqwjnv.png
[2025-05-02 01:33:06] Index - File Produk Unggulan tidak ditemukan: /Applications/MAMP/htdocs/newsedaya24apr2025/images/produk/SF-13CVGGPS/utama_CdGCScmFBqoxrJz8PXTA.png
[2025-05-02 01:33:06] Index - File Produk Unggulan tidak ditemukan: /Applications/MAMP/htdocs/newsedaya24apr2025/images/produk/SF-MVSI1LZ1/utama_CZUCWFsTZbwlz5Zr43V4.png
[2025-05-02 01:33:07] Index - File Produk Unggulan tidak ditemukan: /Applications/MAMP/htdocs/newsedaya24apr2025/images/produk/SF-BOICCR9V/utama_P2Aw0SC0Kyw9vmWqwjnv.png
[2025-05-02 01:33:07] Index - File Produk Unggulan tidak ditemukan: /Applications/MAMP/htdocs/newsedaya24apr2025/images/produk/SF-MVSI1LZ1/utama_CZUCWFsTZbwlz5Zr43V4.png
[2025-05-02 01:33:07] Index - File Produk Unggulan tidak ditemukan: /Applications/MAMP/htdocs/newsedaya24apr2025/images/produk/SF-13CVGGPS/utama_CdGCScmFBqoxrJz8PXTA.png
[2025-05-02 01:35:42] Index - File Produk Unggulan tidak ditemukan: /Applications/MAMP/htdocs/newsedaya24apr2025/images/produk/SF-MVSI1LZ1/utama_CZUCWFsTZbwlz5Zr43V4.png
[2025-05-02 01:35:42] Index - File Produk Unggulan tidak ditemukan: /Applications/MAMP/htdocs/newsedaya24apr2025/images/produk/SF-13CVGGPS/utama_CdGCScmFBqoxrJz8PXTA.png
[2025-05-02 01:35:42] Index - File Produk Unggulan tidak ditemukan: /Applications/MAMP/htdocs/newsedaya24apr2025/images/produk/SF-BOICCR9V/utama_P2Aw0SC0Kyw9vmWqwjnv.png
[2025-05-02 01:35:43] Index - File Produk Unggulan tidak ditemukan: /Applications/MAMP/htdocs/newsedaya24apr2025/images/produk/SF-MVSI1LZ1/utama_CZUCWFsTZbwlz5Zr43V4.png
[2025-05-02 01:35:43] Index - File Produk Unggulan tidak ditemukan: /Applications/MAMP/htdocs/newsedaya24apr2025/images/produk/SF-13CVGGPS/utama_CdGCScmFBqoxrJz8PXTA.png
[2025-05-02 01:35:43] Index - File Produk Unggulan tidak ditemukan: /Applications/MAMP/htdocs/newsedaya24apr2025/images/produk/SF-BOICCR9V/utama_P2Aw0SC0Kyw9vmWqwjnv.png
[2025-05-02 01:37:33] Index - File Produk Unggulan tidak ditemukan: /Applications/MAMP/htdocs/newsedaya24apr2025/images/produk/SF-MVSI1LZ1/utama_CZUCWFsTZbwlz5Zr43V4.png
[2025-05-02 01:37:33] Index - File Produk Unggulan tidak ditemukan: /Applications/MAMP/htdocs/newsedaya24apr2025/images/produk/SF-BOICCR9V/utama_P2Aw0SC0Kyw9vmWqwjnv.png
[2025-05-02 01:37:33] Index - File Produk Unggulan tidak ditemukan: /Applications/MAMP/htdocs/newsedaya24apr2025/images/produk/SF-13CVGGPS/utama_CdGCScmFBqoxrJz8PXTA.png
[2025-05-02 03:43:09] Produk - File gambar tidak ditemukan: /Applications/MAMP/htdocs/newsedaya24apr2025/images/produk/SF-MVSI1LZ1/utama_CZUCWFsTZbwlz5Zr43V4.png
[2025-05-02 03:43:09] Produk - File gambar tidak ditemukan: /Applications/MAMP/htdocs/newsedaya24apr2025/images/produk/SF-BOICCR9V/utama_P2Aw0SC0Kyw9vmWqwjnv.png
[2025-05-02 03:43:09] Produk - File gambar tidak ditemukan: /Applications/MAMP/htdocs/newsedaya24apr2025/images/produk/SF-13CVGGPS/utama_CdGCScmFBqoxrJz8PXTA.png
[2025-05-02 03:44:49] Index - File Produk Unggulan tidak ditemukan: /Applications/MAMP/htdocs/newsedaya24apr2025/images/produk/SF-BOICCR9V/utama_P2Aw0SC0Kyw9vmWqwjnv.png
[2025-05-02 03:44:49] Index - File Produk Unggulan tidak ditemukan: /Applications/MAMP/htdocs/newsedaya24apr2025/images/produk/SF-13CVGGPS/utama_CdGCScmFBqoxrJz8PXTA.png
[2025-05-02 03:44:49] Index - File Produk Unggulan tidak ditemukan: /Applications/MAMP/htdocs/newsedaya24apr2025/images/produk/SF-MVSI1LZ1/utama_CZUCWFsTZbwlz5Zr43V4.png
[2025-05-02 03:44:51] Produk - File gambar tidak ditemukan: /Applications/MAMP/htdocs/newsedaya24apr2025/images/produk/SF-MVSI1LZ1/utama_CZUCWFsTZbwlz5Zr43V4.png
[2025-05-02 03:44:51] Produk - File gambar tidak ditemukan: /Applications/MAMP/htdocs/newsedaya24apr2025/images/produk/SF-BOICCR9V/utama_P2Aw0SC0Kyw9vmWqwjnv.png
[2025-05-02 03:44:51] Produk - File gambar tidak ditemukan: /Applications/MAMP/htdocs/newsedaya24apr2025/images/produk/SF-13CVGGPS/utama_CdGCScmFBqoxrJz8PXTA.png
[2025-05-02 03:45:04] Produk - File gambar tidak ditemukan: /Applications/MAMP/htdocs/newsedaya24apr2025/images/produk/SF-MVSI1LZ1/utama_CZUCWFsTZbwlz5Zr43V4.png
[2025-05-02 03:45:04] Produk - File gambar tidak ditemukan: /Applications/MAMP/htdocs/newsedaya24apr2025/images/produk/SF-BOICCR9V/utama_P2Aw0SC0Kyw9vmWqwjnv.png
[2025-05-02 03:45:04] Produk - File gambar tidak ditemukan: /Applications/MAMP/htdocs/newsedaya24apr2025/images/produk/SF-13CVGGPS/utama_CdGCScmFBqoxrJz8PXTA.png
[2025-05-02 03:46:14] Produk - File gambar tidak ditemukan: /Applications/MAMP/htdocs/newsedaya24apr2025/images/produk/SF-MVSI1LZ1/utama_CZUCWFsTZbwlz5Zr43V4.png
[2025-05-02 03:46:14] Produk - File gambar tidak ditemukan: /Applications/MAMP/htdocs/newsedaya24apr2025/images/produk/SF-BOICCR9V/utama_P2Aw0SC0Kyw9vmWqwjnv.png
[2025-05-02 03:46:14] Produk - File gambar tidak ditemukan: /Applications/MAMP/htdocs/newsedaya24apr2025/images/produk/SF-13CVGGPS/utama_CdGCScmFBqoxrJz8PXTA.png
[2025-05-02 03:46:25] Produk - File gambar tidak ditemukan: /Applications/MAMP/htdocs/newsedaya24apr2025/images/produk/SF-MVSI1LZ1/utama_CZUCWFsTZbwlz5Zr43V4.png
[2025-05-02 03:46:25] Produk - File gambar tidak ditemukan: /Applications/MAMP/htdocs/newsedaya24apr2025/images/produk/SF-BOICCR9V/utama_P2Aw0SC0Kyw9vmWqwjnv.png
[2025-05-02 03:46:25] Produk - File gambar tidak ditemukan: /Applications/MAMP/htdocs/newsedaya24apr2025/images/produk/SF-13CVGGPS/utama_CdGCScmFBqoxrJz8PXTA.png
[2025-05-02 03:47:32] Produk - File gambar tidak ditemukan: /Applications/MAMP/htdocs/newsedaya24apr2025/images/produk/SF-MVSI1LZ1/utama_CZUCWFsTZbwlz5Zr43V4.png
[2025-05-02 03:47:32] Produk - File gambar tidak ditemukan: /Applications/MAMP/htdocs/newsedaya24apr2025/images/produk/SF-BOICCR9V/utama_P2Aw0SC0Kyw9vmWqwjnv.png
[2025-05-02 03:47:32] Produk - File gambar tidak ditemukan: /Applications/MAMP/htdocs/newsedaya24apr2025/images/produk/SF-13CVGGPS/utama_CdGCScmFBqoxrJz8PXTA.png
[2025-05-02 03:47:39] Index - File Produk Unggulan tidak ditemukan: /Applications/MAMP/htdocs/newsedaya24apr2025/images/produk/SF-BOICCR9V/utama_P2Aw0SC0Kyw9vmWqwjnv.png
[2025-05-02 03:47:39] Index - File Produk Unggulan tidak ditemukan: /Applications/MAMP/htdocs/newsedaya24apr2025/images/produk/SF-13CVGGPS/utama_CdGCScmFBqoxrJz8PXTA.png
[2025-05-02 03:47:39] Index - File Produk Unggulan tidak ditemukan: /Applications/MAMP/htdocs/newsedaya24apr2025/images/produk/SF-MVSI1LZ1/utama_CZUCWFsTZbwlz5Zr43V4.png
[2025-05-02 03:47:41] Produk - File gambar tidak ditemukan: /Applications/MAMP/htdocs/newsedaya24apr2025/images/produk/SF-MVSI1LZ1/utama_CZUCWFsTZbwlz5Zr43V4.png
[2025-05-02 03:47:41] Produk - File gambar tidak ditemukan: /Applications/MAMP/htdocs/newsedaya24apr2025/images/produk/SF-BOICCR9V/utama_P2Aw0SC0Kyw9vmWqwjnv.png
[2025-05-02 03:47:41] Produk - File gambar tidak ditemukan: /Applications/MAMP/htdocs/newsedaya24apr2025/images/produk/SF-13CVGGPS/utama_CdGCScmFBqoxrJz8PXTA.png
[2025-05-02 03:47:48] Produk - File gambar tidak ditemukan: /Applications/MAMP/htdocs/newsedaya24apr2025/images/produk/SF-MVSI1LZ1/utama_CZUCWFsTZbwlz5Zr43V4.png
[2025-05-02 03:47:48] Produk - File gambar tidak ditemukan: /Applications/MAMP/htdocs/newsedaya24apr2025/images/produk/SF-BOICCR9V/utama_P2Aw0SC0Kyw9vmWqwjnv.png
[2025-05-02 03:47:48] Produk - File gambar tidak ditemukan: /Applications/MAMP/htdocs/newsedaya24apr2025/images/produk/SF-13CVGGPS/utama_CdGCScmFBqoxrJz8PXTA.png
[2025-05-02 03:49:16] Produk - File gambar tidak ditemukan: /Applications/MAMP/htdocs/newsedaya24apr2025/images/produk/SF-MVSI1LZ1/utama_CZUCWFsTZbwlz5Zr43V4.png
[2025-05-02 03:49:16] Produk - File gambar tidak ditemukan: /Applications/MAMP/htdocs/newsedaya24apr2025/images/produk/SF-BOICCR9V/utama_P2Aw0SC0Kyw9vmWqwjnv.png
[2025-05-02 03:49:16] Produk - File gambar tidak ditemukan: /Applications/MAMP/htdocs/newsedaya24apr2025/images/produk/SF-13CVGGPS/utama_CdGCScmFBqoxrJz8PXTA.png
[2025-05-02 03:50:24] Produk - File gambar tidak ditemukan: /Applications/MAMP/htdocs/newsedaya24apr2025/images/produk/SF-MVSI1LZ1/utama_CZUCWFsTZbwlz5Zr43V4.png
[2025-05-02 03:50:24] Produk - File gambar tidak ditemukan: /Applications/MAMP/htdocs/newsedaya24apr2025/images/produk/SF-BOICCR9V/utama_P2Aw0SC0Kyw9vmWqwjnv.png
[2025-05-02 03:50:24] Produk - File gambar tidak ditemukan: /Applications/MAMP/htdocs/newsedaya24apr2025/images/produk/SF-13CVGGPS/utama_CdGCScmFBqoxrJz8PXTA.png
[2025-05-02 03:50:25] Produk - File gambar tidak ditemukan: /Applications/MAMP/htdocs/newsedaya24apr2025/images/produk/SF-MVSI1LZ1/utama_CZUCWFsTZbwlz5Zr43V4.png
[2025-05-02 03:50:25] Produk - File gambar tidak ditemukan: /Applications/MAMP/htdocs/newsedaya24apr2025/images/produk/SF-BOICCR9V/utama_P2Aw0SC0Kyw9vmWqwjnv.png
[2025-05-02 03:50:25] Produk - File gambar tidak ditemukan: /Applications/MAMP/htdocs/newsedaya24apr2025/images/produk/SF-13CVGGPS/utama_CdGCScmFBqoxrJz8PXTA.png
[2025-05-02 03:50:52] Produk - File gambar tidak ditemukan: /Applications/MAMP/htdocs/newsedaya24apr2025/images/produk/SF-MVSI1LZ1/utama_CZUCWFsTZbwlz5Zr43V4.png
[2025-05-02 03:50:52] Produk - File gambar tidak ditemukan: /Applications/MAMP/htdocs/newsedaya24apr2025/images/produk/SF-BOICCR9V/utama_P2Aw0SC0Kyw9vmWqwjnv.png
[2025-05-02 03:50:52] Produk - File gambar tidak ditemukan: /Applications/MAMP/htdocs/newsedaya24apr2025/images/produk/SF-13CVGGPS/utama_CdGCScmFBqoxrJz8PXTA.png
[2025-05-02 03:50:59] Produk - File gambar tidak ditemukan: /Applications/MAMP/htdocs/newsedaya24apr2025/images/produk/SF-MVSI1LZ1/utama_CZUCWFsTZbwlz5Zr43V4.png
[2025-05-02 03:50:59] Produk - File gambar tidak ditemukan: /Applications/MAMP/htdocs/newsedaya24apr2025/images/produk/SF-BOICCR9V/utama_P2Aw0SC0Kyw9vmWqwjnv.png
[2025-05-02 03:50:59] Produk - File gambar tidak ditemukan: /Applications/MAMP/htdocs/newsedaya24apr2025/images/produk/SF-13CVGGPS/utama_CdGCScmFBqoxrJz8PXTA.png
[2025-05-02 03:51:11] Produk - File gambar tidak ditemukan: /Applications/MAMP/htdocs/newsedaya24apr2025/images/produk/SF-MVSI1LZ1/utama_CZUCWFsTZbwlz5Zr43V4.png
[2025-05-02 03:51:11] Produk - File gambar tidak ditemukan: /Applications/MAMP/htdocs/newsedaya24apr2025/images/produk/SF-BOICCR9V/utama_P2Aw0SC0Kyw9vmWqwjnv.png
[2025-05-02 03:51:11] Produk - File gambar tidak ditemukan: /Applications/MAMP/htdocs/newsedaya24apr2025/images/produk/SF-13CVGGPS/utama_CdGCScmFBqoxrJz8PXTA.png
[2025-05-02 03:51:43] Produk - File gambar tidak ditemukan: /Applications/MAMP/htdocs/newsedaya24apr2025/images/produk/SF-MVSI1LZ1/utama_CZUCWFsTZbwlz5Zr43V4.png
[2025-05-02 03:51:43] Produk - File gambar tidak ditemukan: /Applications/MAMP/htdocs/newsedaya24apr2025/images/produk/SF-BOICCR9V/utama_P2Aw0SC0Kyw9vmWqwjnv.png
[2025-05-02 03:51:43] Produk - File gambar tidak ditemukan: /Applications/MAMP/htdocs/newsedaya24apr2025/images/produk/SF-13CVGGPS/utama_CdGCScmFBqoxrJz8PXTA.png
[2025-05-02 03:51:47] Index - File Produk Unggulan tidak ditemukan: /Applications/MAMP/htdocs/newsedaya24apr2025/images/produk/SF-13CVGGPS/utama_CdGCScmFBqoxrJz8PXTA.png
[2025-05-02 03:51:47] Index - File Produk Unggulan tidak ditemukan: /Applications/MAMP/htdocs/newsedaya24apr2025/images/produk/SF-MVSI1LZ1/utama_CZUCWFsTZbwlz5Zr43V4.png
[2025-05-02 03:51:47] Index - File Produk Unggulan tidak ditemukan: /Applications/MAMP/htdocs/newsedaya24apr2025/images/produk/SF-BOICCR9V/utama_P2Aw0SC0Kyw9vmWqwjnv.png
[2025-05-02 03:51:49] Produk - File gambar tidak ditemukan: /Applications/MAMP/htdocs/newsedaya24apr2025/images/produk/SF-MVSI1LZ1/utama_CZUCWFsTZbwlz5Zr43V4.png
[2025-05-02 03:51:49] Produk - File gambar tidak ditemukan: /Applications/MAMP/htdocs/newsedaya24apr2025/images/produk/SF-BOICCR9V/utama_P2Aw0SC0Kyw9vmWqwjnv.png
[2025-05-02 03:51:49] Produk - File gambar tidak ditemukan: /Applications/MAMP/htdocs/newsedaya24apr2025/images/produk/SF-13CVGGPS/utama_CdGCScmFBqoxrJz8PXTA.png
[2025-05-02 03:52:05] Index - File Produk Unggulan tidak ditemukan: /Applications/MAMP/htdocs/newsedaya24apr2025/images/produk/SF-MVSI1LZ1/utama_CZUCWFsTZbwlz5Zr43V4.png
[2025-05-02 03:52:05] Index - File Produk Unggulan tidak ditemukan: /Applications/MAMP/htdocs/newsedaya24apr2025/images/produk/SF-13CVGGPS/utama_CdGCScmFBqoxrJz8PXTA.png
[2025-05-02 03:52:05] Index - File Produk Unggulan tidak ditemukan: /Applications/MAMP/htdocs/newsedaya24apr2025/images/produk/SF-BOICCR9V/utama_P2Aw0SC0Kyw9vmWqwjnv.png
[2025-05-02 03:52:06] Produk - File gambar tidak ditemukan: /Applications/MAMP/htdocs/newsedaya24apr2025/images/produk/SF-MVSI1LZ1/utama_CZUCWFsTZbwlz5Zr43V4.png
[2025-05-02 03:52:06] Produk - File gambar tidak ditemukan: /Applications/MAMP/htdocs/newsedaya24apr2025/images/produk/SF-BOICCR9V/utama_P2Aw0SC0Kyw9vmWqwjnv.png
[2025-05-02 03:52:06] Produk - File gambar tidak ditemukan: /Applications/MAMP/htdocs/newsedaya24apr2025/images/produk/SF-13CVGGPS/utama_CdGCScmFBqoxrJz8PXTA.png
[2025-05-02 03:56:10] Produk - File gambar tidak ditemukan: /Applications/MAMP/htdocs/newsedaya24apr2025/images/produk/SF-MVSI1LZ1/utama_CZUCWFsTZbwlz5Zr43V4.png
[2025-05-02 03:56:10] Produk - File gambar tidak ditemukan: /Applications/MAMP/htdocs/newsedaya24apr2025/images/produk/SF-BOICCR9V/utama_P2Aw0SC0Kyw9vmWqwjnv.png
[2025-05-02 03:56:10] Produk - File gambar tidak ditemukan: /Applications/MAMP/htdocs/newsedaya24apr2025/images/produk/SF-13CVGGPS/utama_CdGCScmFBqoxrJz8PXTA.png
[2025-05-02 04:00:14] Index - File Produk Unggulan tidak ditemukan: /Applications/MAMP/htdocs/newsedaya24apr2025/images/produk/SF-13CVGGPS/utama_CdGCScmFBqoxrJz8PXTA.png
[2025-05-02 04:00:14] Index - File Produk Unggulan tidak ditemukan: /Applications/MAMP/htdocs/newsedaya24apr2025/images/produk/SF-BOICCR9V/utama_P2Aw0SC0Kyw9vmWqwjnv.png
[2025-05-02 04:00:14] Index - File Produk Unggulan tidak ditemukan: /Applications/MAMP/htdocs/newsedaya24apr2025/images/produk/SF-MVSI1LZ1/utama_CZUCWFsTZbwlz5Zr43V4.png
[2025-05-02 04:00:21] Produk - File gambar tidak ditemukan: /Applications/MAMP/htdocs/newsedaya24apr2025/images/produk/SF-MVSI1LZ1/utama_CZUCWFsTZbwlz5Zr43V4.png
[2025-05-02 04:00:21] Produk - File gambar tidak ditemukan: /Applications/MAMP/htdocs/newsedaya24apr2025/images/produk/SF-BOICCR9V/utama_P2Aw0SC0Kyw9vmWqwjnv.png
[2025-05-02 04:00:21] Produk - File gambar tidak ditemukan: /Applications/MAMP/htdocs/newsedaya24apr2025/images/produk/SF-13CVGGPS/utama_CdGCScmFBqoxrJz8PXTA.png
[2025-05-02 04:08:19] Produk - File gambar tidak ditemukan: /Applications/MAMP/htdocs/newsedaya24apr2025/images/produk/SF-MVSI1LZ1/utama_CZUCWFsTZbwlz5Zr43V4.png
[2025-05-02 04:08:19] Produk - File gambar tidak ditemukan: /Applications/MAMP/htdocs/newsedaya24apr2025/images/produk/SF-BOICCR9V/utama_P2Aw0SC0Kyw9vmWqwjnv.png
[2025-05-02 04:08:19] Produk - File gambar tidak ditemukan: /Applications/MAMP/htdocs/newsedaya24apr2025/images/produk/SF-13CVGGPS/utama_CdGCScmFBqoxrJz8PXTA.png
[2025-05-02 04:28:49] Index - File Produk Unggulan tidak ditemukan: /Applications/MAMP/htdocs/newsedaya24apr2025/images/produk/SF-BOICCR9V/utama_P2Aw0SC0Kyw9vmWqwjnv.png
[2025-05-02 04:28:49] Index - File Produk Unggulan tidak ditemukan: /Applications/MAMP/htdocs/newsedaya24apr2025/images/produk/SF-MVSI1LZ1/utama_CZUCWFsTZbwlz5Zr43V4.png
[2025-05-02 04:28:49] Index - File Produk Unggulan tidak ditemukan: /Applications/MAMP/htdocs/newsedaya24apr2025/images/produk/SF-13CVGGPS/utama_CdGCScmFBqoxrJz8PXTA.png
[2025-05-02 04:28:55] Index - File Produk Unggulan tidak ditemukan: /Applications/MAMP/htdocs/newsedaya24apr2025/images/produk/SF-MVSI1LZ1/utama_CZUCWFsTZbwlz5Zr43V4.png
[2025-05-02 04:28:55] Index - File Produk Unggulan tidak ditemukan: /Applications/MAMP/htdocs/newsedaya24apr2025/images/produk/SF-BOICCR9V/utama_P2Aw0SC0Kyw9vmWqwjnv.png
[2025-05-02 04:28:55] Index - File Produk Unggulan tidak ditemukan: /Applications/MAMP/htdocs/newsedaya24apr2025/images/produk/SF-13CVGGPS/utama_CdGCScmFBqoxrJz8PXTA.png
[2025-05-02 04:38:56] Produk - File gambar tidak ditemukan: /Applications/MAMP/htdocs/newsedaya24apr2025/images/produk/SF-MVSI1LZ1/utama_CZUCWFsTZbwlz5Zr43V4.png
[2025-05-02 04:38:56] Produk - File gambar tidak ditemukan: /Applications/MAMP/htdocs/newsedaya24apr2025/images/produk/SF-BOICCR9V/utama_P2Aw0SC0Kyw9vmWqwjnv.png
[2025-05-02 04:38:56] Produk - File gambar tidak ditemukan: /Applications/MAMP/htdocs/newsedaya24apr2025/images/produk/SF-13CVGGPS/utama_CdGCScmFBqoxrJz8PXTA.png
[2025-05-02 04:38:59] Index - File Produk Unggulan tidak ditemukan: /Applications/MAMP/htdocs/newsedaya24apr2025/images/produk/SF-BOICCR9V/utama_P2Aw0SC0Kyw9vmWqwjnv.png
[2025-05-02 04:38:59] Index - File Produk Unggulan tidak ditemukan: /Applications/MAMP/htdocs/newsedaya24apr2025/images/produk/SF-MVSI1LZ1/utama_CZUCWFsTZbwlz5Zr43V4.png
[2025-05-02 04:38:59] Index - File Produk Unggulan tidak ditemukan: /Applications/MAMP/htdocs/newsedaya24apr2025/images/produk/SF-13CVGGPS/utama_CdGCScmFBqoxrJz8PXTA.png
[2025-05-02 04:42:16] Index - File Produk Unggulan tidak ditemukan: /Applications/MAMP/htdocs/newsedaya24apr2025/images/produk/SF-MVSI1LZ1/utama_CZUCWFsTZbwlz5Zr43V4.png
[2025-05-02 04:42:16] Index - File Produk Unggulan tidak ditemukan: /Applications/MAMP/htdocs/newsedaya24apr2025/images/produk/SF-BOICCR9V/utama_P2Aw0SC0Kyw9vmWqwjnv.png
[2025-05-02 04:42:16] Index - File Produk Unggulan tidak ditemukan: /Applications/MAMP/htdocs/newsedaya24apr2025/images/produk/SF-13CVGGPS/utama_CdGCScmFBqoxrJz8PXTA.png
[2025-05-02 04:55:18] Index - File Produk Unggulan tidak ditemukan: /Applications/MAMP/htdocs/newsedaya24apr2025/images/produk/SF-13CVGGPS/utama_CdGCScmFBqoxrJz8PXTA.png
[2025-05-02 04:55:18] Index - File Produk Unggulan tidak ditemukan: /Applications/MAMP/htdocs/newsedaya24apr2025/images/produk/SF-MVSI1LZ1/utama_CZUCWFsTZbwlz5Zr43V4.png
[2025-05-02 04:55:18] Index - File Produk Unggulan tidak ditemukan: /Applications/MAMP/htdocs/newsedaya24apr2025/images/produk/SF-BOICCR9V/utama_P2Aw0SC0Kyw9vmWqwjnv.png
[2025-05-02 04:55:35] Index - File Produk Unggulan tidak ditemukan: /Applications/MAMP/htdocs/newsedaya24apr2025/images/produk/SF-13CVGGPS/utama_CdGCScmFBqoxrJz8PXTA.png
[2025-05-02 04:55:35] Index - File Produk Unggulan tidak ditemukan: /Applications/MAMP/htdocs/newsedaya24apr2025/images/produk/SF-BOICCR9V/utama_P2Aw0SC0Kyw9vmWqwjnv.png
[2025-05-02 04:55:35] Index - File Produk Unggulan tidak ditemukan: /Applications/MAMP/htdocs/newsedaya24apr2025/images/produk/SF-MVSI1LZ1/utama_CZUCWFsTZbwlz5Zr43V4.png
[2025-05-02 05:03:34] Produk - File gambar tidak ditemukan: /Applications/MAMP/htdocs/newsedaya24apr2025/images/produk/SF-MVSI1LZ1/utama_CZUCWFsTZbwlz5Zr43V4.png
[2025-05-02 05:03:34] Produk - File gambar tidak ditemukan: /Applications/MAMP/htdocs/newsedaya24apr2025/images/produk/SF-BOICCR9V/utama_P2Aw0SC0Kyw9vmWqwjnv.png
[2025-05-02 05:03:34] Produk - File gambar tidak ditemukan: /Applications/MAMP/htdocs/newsedaya24apr2025/images/produk/SF-13CVGGPS/utama_CdGCScmFBqoxrJz8PXTA.png
[2025-05-02 05:03:39] Index - File Produk Unggulan tidak ditemukan: /Applications/MAMP/htdocs/newsedaya24apr2025/images/produk/SF-BOICCR9V/utama_P2Aw0SC0Kyw9vmWqwjnv.png
[2025-05-02 05:03:39] Index - File Produk Unggulan tidak ditemukan: /Applications/MAMP/htdocs/newsedaya24apr2025/images/produk/SF-MVSI1LZ1/utama_CZUCWFsTZbwlz5Zr43V4.png
[2025-05-02 05:03:39] Index - File Produk Unggulan tidak ditemukan: /Applications/MAMP/htdocs/newsedaya24apr2025/images/produk/SF-13CVGGPS/utama_CdGCScmFBqoxrJz8PXTA.png
[2025-05-02 05:07:02] Index - File Produk Unggulan tidak ditemukan: /Applications/MAMP/htdocs/newsedaya24apr2025/images/produk/SF-MVSI1LZ1/utama_CZUCWFsTZbwlz5Zr43V4.png
[2025-05-02 05:07:02] Index - File Produk Unggulan tidak ditemukan: /Applications/MAMP/htdocs/newsedaya24apr2025/images/produk/SF-BOICCR9V/utama_P2Aw0SC0Kyw9vmWqwjnv.png
[2025-05-02 05:07:02] Index - File Produk Unggulan tidak ditemukan: /Applications/MAMP/htdocs/newsedaya24apr2025/images/produk/SF-13CVGGPS/utama_CdGCScmFBqoxrJz8PXTA.png
[2025-05-02 05:08:17] Index - File Produk Unggulan tidak ditemukan: /Applications/MAMP/htdocs/newsedaya24apr2025/images/produk/SF-BOICCR9V/utama_P2Aw0SC0Kyw9vmWqwjnv.png
[2025-05-02 05:08:17] Index - File Produk Unggulan tidak ditemukan: /Applications/MAMP/htdocs/newsedaya24apr2025/images/produk/SF-MVSI1LZ1/utama_CZUCWFsTZbwlz5Zr43V4.png
[2025-05-02 05:08:17] Index - File Produk Unggulan tidak ditemukan: /Applications/MAMP/htdocs/newsedaya24apr2025/images/produk/SF-13CVGGPS/utama_CdGCScmFBqoxrJz8PXTA.png
[2025-05-02 05:12:32] Index - File Produk Unggulan tidak ditemukan: /Applications/MAMP/htdocs/newsedaya24apr2025/images/produk/SF-BOICCR9V/utama_P2Aw0SC0Kyw9vmWqwjnv.png
[2025-05-02 05:12:32] Index - File Produk Unggulan tidak ditemukan: /Applications/MAMP/htdocs/newsedaya24apr2025/images/produk/SF-MVSI1LZ1/utama_CZUCWFsTZbwlz5Zr43V4.png
[2025-05-02 05:12:32] Index - File Produk Unggulan tidak ditemukan: /Applications/MAMP/htdocs/newsedaya24apr2025/images/produk/SF-13CVGGPS/utama_CdGCScmFBqoxrJz8PXTA.png
[2025-05-02 05:12:41] Produk - File gambar tidak ditemukan: /Applications/MAMP/htdocs/newsedaya24apr2025/images/produk/SF-MVSI1LZ1/utama_CZUCWFsTZbwlz5Zr43V4.png
[2025-05-02 05:12:41] Produk - File gambar tidak ditemukan: /Applications/MAMP/htdocs/newsedaya24apr2025/images/produk/SF-BOICCR9V/utama_P2Aw0SC0Kyw9vmWqwjnv.png
[2025-05-02 05:12:41] Produk - File gambar tidak ditemukan: /Applications/MAMP/htdocs/newsedaya24apr2025/images/produk/SF-13CVGGPS/utama_CdGCScmFBqoxrJz8PXTA.png
[2025-05-02 05:20:43] Admin Index: Koneksi database tidak valid atau gagal.
[2025-05-02 05:23:07] Admin Index: Koneksi database tidak valid atau gagal.
[2025-05-02 05:23:08] Admin Index: Koneksi database tidak valid atau gagal.
[2025-05-02 05:37:41] Admin Index: Koneksi database tidak valid atau gagal.
[2025-05-02 05:38:11] Admin Index: Koneksi database tidak valid atau gagal.
[2025-05-02 05:39:01] Admin Index: Koneksi database tidak valid atau gagal.
[2025-05-02 14:05:18] Admin Index - Tabel halaman_info tidak ditemukan.
[2025-05-02 14:52:08] Root Index - File Carousel tidak ditemukan: /home/sedt2135/public_html/images/carrousel/3kWHZaKekFaxXDmcONDJ.png
[2025-05-02 14:52:08] Root Index - File Carousel tidak ditemukan: /home/sedt2135/public_html/images/carrousel/xnYnsPzYfkj9qcJVDcZi.png
[2025-05-02 14:52:08] Root Index - File Carousel tidak ditemukan: /home/sedt2135/public_html/images/carrousel/Y9dGhImQDozcaT2L0aRX.png
[2025-05-02 14:52:08] Root Index - File Produk Unggulan tidak ditemukan: /home/sedt2135/public_html/images/produk/SF-1GRCUYBA/utama_o8jVzPEBgbo4UaqCiWyG.png
[2025-05-02 14:52:08] Root Index - File Produk Unggulan tidak ditemukan: /home/sedt2135/public_html/images/produk/SF-WGGU8LEH/utama_7uMoEjjGzjrFpsWXrbeN.png
[2025-05-02 15:01:27] Admin Index - Tabel halaman_info tidak ditemukan.
[2025-05-02 15:11:38] Root Index - File Produk Unggulan tidak ditemukan: /home/sedt2135/public_html/images/produk/SF-WGGU8LEH/utama_7uMoEjjGzjrFpsWXrbeN.png
[2025-05-02 15:11:38] Root Index - File Produk Unggulan tidak ditemukan: /home/sedt2135/public_html/images/produk/SF-1GRCUYBA/utama_o8jVzPEBgbo4UaqCiWyG.png
[2025-05-02 15:31:39] Root Index - File Produk Unggulan tidak ditemukan: /home/sedt2135/public_html/images/produk/SF-1GRCUYBA/utama_o8jVzPEBgbo4UaqCiWyG.png
[2025-05-02 15:31:39] Root Index - File Produk Unggulan tidak ditemukan: /home/sedt2135/public_html/images/produk/SF-WGGU8LEH/utama_7uMoEjjGzjrFpsWXrbeN.png
[2025-05-02 15:34:44] Root Index - File Produk Unggulan tidak ditemukan: /home/sedt2135/public_html/images/produk/SF-WGGU8LEH/utama_7uMoEjjGzjrFpsWXrbeN.png
[2025-05-02 15:34:44] Root Index - File Produk Unggulan tidak ditemukan: /home/sedt2135/public_html/images/produk/SF-1GRCUYBA/utama_o8jVzPEBgbo4UaqCiWyG.png
[2025-05-02 15:35:33] Root Index - File Produk Unggulan tidak ditemukan: /home/sedt2135/public_html/images/produk/SF-1GRCUYBA/utama_o8jVzPEBgbo4UaqCiWyG.png
[2025-05-02 15:35:33] Root Index - File Produk Unggulan tidak ditemukan: /home/sedt2135/public_html/images/produk/SF-WGGU8LEH/utama_7uMoEjjGzjrFpsWXrbeN.png
[2025-05-02 15:36:31] Root Index - File Produk Unggulan tidak ditemukan: /home/sedt2135/public_html/images/produk/SF-WGGU8LEH/utama_7uMoEjjGzjrFpsWXrbeN.png
[2025-05-02 15:36:31] Root Index - File Produk Unggulan tidak ditemukan: /home/sedt2135/public_html/images/produk/SF-1GRCUYBA/utama_o8jVzPEBgbo4UaqCiWyG.png
[2025-05-02 15:36:47] Produk - File gambar tidak ditemukan: /home/sedt2135/public_html/images/produk/SF-1GRCUYBA/utama_o8jVzPEBgbo4UaqCiWyG.png
[2025-05-02 15:36:47] Produk - File gambar tidak ditemukan: /home/sedt2135/public_html/images/produk/SF-WGGU8LEH/utama_7uMoEjjGzjrFpsWXrbeN.png
[2025-05-02 15:41:56] Produk - File gambar tidak ditemukan: /home/sedt2135/public_html/images/produk/SF-1GRCUYBA/utama_o8jVzPEBgbo4UaqCiWyG.png
[2025-05-02 15:41:56] Produk - File gambar tidak ditemukan: /home/sedt2135/public_html/images/produk/SF-WGGU8LEH/utama_7uMoEjjGzjrFpsWXrbeN.png
[2025-05-02 15:44:21] Produk - File gambar tidak ditemukan: /home/sedt2135/public_html/images/produk/SF-1GRCUYBA/utama_o8jVzPEBgbo4UaqCiWyG.png
[2025-05-02 15:44:21] Produk - File gambar tidak ditemukan: /home/sedt2135/public_html/images/produk/SF-WGGU8LEH/utama_7uMoEjjGzjrFpsWXrbeN.png
[2025-05-02 18:34:25] Gagal mengirim email kontak dari: Wisnucaraka06@gmail.com ke hello@sedayafurniture.com (BCC: sedayafurniture@gmail.com, wisnucaraka06@gmail.com)
[2025-05-02 18:34:37] Gagal mengirim email kontak dari: pleanupproject@gmail.com ke hello@sedayafurniture.com (BCC: sedayafurniture@gmail.com, wisnucaraka06@gmail.com)
[2025-05-02 18:42:03] Gagal mengirim email kontak dari: pleanupproject@gmail.com ke hello@sedayafurniture.com (BCC: sedayafurniture@gmail.com, wisnucaraka06@gmail.com)
